<?xml version="1.0" encoding="UTF-8"?>
<!-- Generated by org.testng.reporters.JUnitReportReporter -->
<testsuite hostname="DESKTOP-EHQQBIH" failures="0" tests="4" name="investment.banking1.Testclassdemo" time="0.124" errors="0" timestamp="2021-06-04T18:15:57 IST" skipped="1">
  <testcase classname="investment.banking1.Testclassdemo" name="Test1" time="0.059"/>
  <system-out/>
  <testcase classname="investment.banking1.Testclassdemo" name="Test1" time="0.031"/>
  <system-out/>
  <testcase classname="investment.banking1.Testclassdemo" name="Test1" time="0.034"/>
  <system-out/>
  <testcase classname="investment.banking1.Testclassdemo" name="Test2">
    <skipped/>
  </testcase> <!-- Test2 -->
  <system-out/>
</testsuite> <!-- investment.banking1.Testclassdemo -->
